[24-10-2017 05:28:52] BlockCypher\Core\BlockCypherHttpConnection: INFO	: GET https://api.blockcypher.com/v1/btc/main/addrs/1JycyZdKdi7GU9RLJ1uusBmQC6VesxCSxo/balance?token=c0afcccdde5081d6429de37d16166ead
[24-10-2017 05:28:54] BlockCypher\Core\BlockCypherHttpConnection: DEBUG	: Request Headers 	: GET /v1/btc/main/addrs/1JycyZdKdi7GU9RLJ1uusBmQC6VesxCSxo/balance?token=c0afcccdde5081d6429de37d16166ead HTTP/1.1, Host: api.blockcypher.com, Accept: */*, Content-Type: application/json, User-Agent: BlockCypherSDK/BlockCypher-PHP-SDK 1.5.0 (lang=PHP;v=7.1.9;bit=32;os=Windows_NT_6.1;machine=i586;openssl=1.0.2k;curl=7.55.0), , 
[24-10-2017 05:28:54] BlockCypher\Core\BlockCypherHttpConnection: DEBUG	: No Request Payload
--------------------------------------------------------------------------------------------------------------------------------

[24-10-2017 05:28:54] BlockCypher\Core\BlockCypherHttpConnection: INFO	: Response Status 	: 429
[24-10-2017 05:28:54] BlockCypher\Core\BlockCypherHttpConnection: DEBUG	: Response Headers	: HTTP/1.1 429 Too Many Requests, Server: nginx/1.13.4, Date: Tue, 24 Oct 2017 03:28:54 GMT, Content-Type: text/plain; charset=utf-8, Content-Length: 126, Connection: keep-alive, X-Content-Type-Options: nosniff, X-Ratelimit-Remaining: -2, , 
[24-10-2017 05:28:54] BlockCypher\Core\BlockCypherHttpConnection: ERROR	: Got Http response code 429 when accessing https://api.blockcypher.com/v1/btc/main/addrs/1JycyZdKdi7GU9RLJ1uusBmQC6VesxCSxo/balance?token=c0afcccdde5081d6429de37d16166ead. {"error": "API calls limits have been reached. To extend your limits please upgrade your plan on BlockCypher accounts page."}

[24-10-2017 05:28:54] BlockCypher\Core\BlockCypherHttpConnection: DEBUG	: 

================================================================================================================================

[24-10-2017 05:29:32] BlockCypher\Core\BlockCypherHttpConnection: INFO	: GET https://api.blockcypher.com/v1/btc/main/addrs/1JycyZdKdi7GU9RLJ1uusBmQC6VesxCSxo/balance?token=096305d1e6e34f8890e1b70644ec7e9d
[24-10-2017 05:29:33] BlockCypher\Core\BlockCypherHttpConnection: DEBUG	: Request Headers 	: GET /v1/btc/main/addrs/1JycyZdKdi7GU9RLJ1uusBmQC6VesxCSxo/balance?token=096305d1e6e34f8890e1b70644ec7e9d HTTP/1.1, Host: api.blockcypher.com, Accept: */*, Content-Type: application/json, User-Agent: BlockCypherSDK/BlockCypher-PHP-SDK 1.5.0 (lang=PHP;v=7.1.9;bit=32;os=Windows_NT_6.1;machine=i586;openssl=1.0.2k;curl=7.55.0), , 
[24-10-2017 05:29:33] BlockCypher\Core\BlockCypherHttpConnection: DEBUG	: No Request Payload
--------------------------------------------------------------------------------------------------------------------------------

[24-10-2017 05:29:33] BlockCypher\Core\BlockCypherHttpConnection: INFO	: Response Status 	: 200
[24-10-2017 05:29:33] BlockCypher\Core\BlockCypherHttpConnection: DEBUG	: Response Headers	: HTTP/1.1 200 OK, Server: nginx/1.13.4, Date: Tue, 24 Oct 2017 03:29:33 GMT, Content-Type: application/json, Content-Length: 218, Connection: keep-alive, Access-Control-Allow-Headers: Origin, X-Requested-With, Content-Type, Accept, Access-Control-Allow-Methods: GET, POST, PUT, DELETE, Access-Control-Allow-Origin: *, X-Ratelimit-Remaining: 199, , 
[24-10-2017 05:29:33] BlockCypher\Core\BlockCypherHttpConnection: DEBUG	: Response Data 	: {
  "address": "1JycyZdKdi7GU9RLJ1uusBmQC6VesxCSxo",
  "total_received": 0,
  "total_sent": 0,
  "balance": 0,
  "unconfirmed_balance": 0,
  "final_balance": 0,
  "n_tx": 0,
  "unconfirmed_n_tx": 0,
  "final_n_tx": 0
}

================================================================================================================================

[24-10-2017 05:31:50] BlockCypher\Core\BlockCypherHttpConnection: INFO	: GET https://api.blockcypher.com/v1/btc/main/addrs/1BoatSLRHtKNngkdXEeobR76b53LETtpyT/balance?token=096305d1e6e34f8890e1b70644ec7e9d
[24-10-2017 05:31:51] BlockCypher\Core\BlockCypherHttpConnection: DEBUG	: Request Headers 	: GET /v1/btc/main/addrs/1BoatSLRHtKNngkdXEeobR76b53LETtpyT/balance?token=096305d1e6e34f8890e1b70644ec7e9d HTTP/1.1, Host: api.blockcypher.com, Accept: */*, Content-Type: application/json, User-Agent: BlockCypherSDK/BlockCypher-PHP-SDK 1.5.0 (lang=PHP;v=7.1.9;bit=32;os=Windows_NT_6.1;machine=i586;openssl=1.0.2k;curl=7.55.0), , 
[24-10-2017 05:31:51] BlockCypher\Core\BlockCypherHttpConnection: DEBUG	: No Request Payload
--------------------------------------------------------------------------------------------------------------------------------

[24-10-2017 05:31:51] BlockCypher\Core\BlockCypherHttpConnection: INFO	: Response Status 	: 200
[24-10-2017 05:31:51] BlockCypher\Core\BlockCypherHttpConnection: DEBUG	: Response Headers	: HTTP/1.1 200 OK, Server: nginx/1.13.4, Date: Tue, 24 Oct 2017 03:31:51 GMT, Content-Type: application/json, Content-Length: 250, Connection: keep-alive, Access-Control-Allow-Headers: Origin, X-Requested-With, Content-Type, Accept, Access-Control-Allow-Methods: GET, POST, PUT, DELETE, Access-Control-Allow-Origin: *, X-Ratelimit-Remaining: 197, , 
[24-10-2017 05:31:51] BlockCypher\Core\BlockCypherHttpConnection: DEBUG	: Response Data 	: {
  "address": "1BoatSLRHtKNngkdXEeobR76b53LETtpyT",
  "total_received": 243462060,
  "total_sent": 243962456,
  "balance": -500396,
  "unconfirmed_balance": 0,
  "final_balance": -500396,
  "n_tx": 626,
  "unconfirmed_n_tx": 0,
  "final_n_tx": 626
}

================================================================================================================================

[24-10-2017 05:32:53] BlockCypher\Core\BlockCypherHttpConnection: INFO	: GET https://api.blockcypher.com/v1/btc/main/addrs/1BoatSLRHtKNngkdXEeobR76b53LETtpyT/balance?token=096305d1e6e34f8890e1b70644ec7e9d
[24-10-2017 05:32:55] BlockCypher\Core\BlockCypherHttpConnection: DEBUG	: Request Headers 	: GET /v1/btc/main/addrs/1BoatSLRHtKNngkdXEeobR76b53LETtpyT/balance?token=096305d1e6e34f8890e1b70644ec7e9d HTTP/1.1, Host: api.blockcypher.com, Accept: */*, Content-Type: application/json, User-Agent: BlockCypherSDK/BlockCypher-PHP-SDK 1.5.0 (lang=PHP;v=7.1.9;bit=32;os=Windows_NT_6.1;machine=i586;openssl=1.0.2k;curl=7.55.0), , 
[24-10-2017 05:32:56] BlockCypher\Core\BlockCypherHttpConnection: DEBUG	: No Request Payload
--------------------------------------------------------------------------------------------------------------------------------

[24-10-2017 05:32:56] BlockCypher\Core\BlockCypherHttpConnection: INFO	: Response Status 	: 200
[24-10-2017 05:32:56] BlockCypher\Core\BlockCypherHttpConnection: DEBUG	: Response Headers	: HTTP/1.1 200 OK, Server: nginx/1.13.4, Date: Tue, 24 Oct 2017 03:32:56 GMT, Content-Type: application/json, Content-Length: 250, Connection: keep-alive, Access-Control-Allow-Headers: Origin, X-Requested-With, Content-Type, Accept, Access-Control-Allow-Methods: GET, POST, PUT, DELETE, Access-Control-Allow-Origin: *, X-Ratelimit-Remaining: 196, , 
[24-10-2017 05:32:56] BlockCypher\Core\BlockCypherHttpConnection: DEBUG	: Response Data 	: {
  "address": "1BoatSLRHtKNngkdXEeobR76b53LETtpyT",
  "total_received": 243462060,
  "total_sent": 243962456,
  "balance": -500396,
  "unconfirmed_balance": 0,
  "final_balance": -500396,
  "n_tx": 626,
  "unconfirmed_n_tx": 0,
  "final_n_tx": 626
}

================================================================================================================================

[24-10-2017 05:36:43] BlockCypher\Core\BlockCypherHttpConnection: INFO	: GET https://api.blockcypher.com/v1/btc/main/addrs/1BoatSLRHtKNngkdXEeobR76b53LETtpyT?before=300000&token=096305d1e6e34f8890e1b70644ec7e9d
[24-10-2017 05:36:46] BlockCypher\Core\BlockCypherHttpConnection: DEBUG	: Request Headers 	: GET /v1/btc/main/addrs/1BoatSLRHtKNngkdXEeobR76b53LETtpyT?before=300000&token=096305d1e6e34f8890e1b70644ec7e9d HTTP/1.1, Host: api.blockcypher.com, Accept: */*, Content-Type: application/json, User-Agent: BlockCypherSDK/BlockCypher-PHP-SDK 1.5.0 (lang=PHP;v=7.1.9;bit=32;os=Windows_NT_6.1;machine=i586;openssl=1.0.2k;curl=7.55.0), , 
[24-10-2017 05:36:46] BlockCypher\Core\BlockCypherHttpConnection: DEBUG	: No Request Payload
--------------------------------------------------------------------------------------------------------------------------------

[24-10-2017 05:36:46] BlockCypher\Core\BlockCypherHttpConnection: INFO	: Response Status 	: 200
[24-10-2017 05:36:46] BlockCypher\Core\BlockCypherHttpConnection: DEBUG	: Response Headers	: HTTP/1.1 200 OK, Server: nginx/1.13.4, Date: Tue, 24 Oct 2017 03:36:46 GMT, Content-Type: application/json, Transfer-Encoding: chunked, Connection: keep-alive, Access-Control-Allow-Headers: Origin, X-Requested-With, Content-Type, Accept, Access-Control-Allow-Methods: GET, POST, PUT, DELETE, Access-Control-Allow-Origin: *, X-Ratelimit-Remaining: 194, , 
[24-10-2017 05:36:46] BlockCypher\Core\BlockCypherHttpConnection: DEBUG	: Response Data 	: {
  "address": "1BoatSLRHtKNngkdXEeobR76b53LETtpyT",
  "total_received": 2107574,
  "total_sent": 2107574,
  "balance": 0,
  "unconfirmed_balance": 0,
  "final_balance": 0,
  "n_tx": 12,
  "unconfirmed_n_tx": 0,
  "final_n_tx": 12,
  "txrefs": [
    {
      "tx_hash": "ed262010c5e6d6764dd46a6d0c211000ad71cd26ca012a6f1250236b31b92493",
      "block_height": 288521,
      "tx_input_n": 0,
      "tx_output_n": -1,
      "value": 500000,
      "ref_balance": 0,
      "confirmations": 202909,
      "confirmed": "2014-03-02T01:35:14Z",
      "double_spend": false
    },
    {
      "tx_hash": "6f01d9c7db2f6c8c6bde456a54abe4e568f93088a6c8f1ba9628b6a2b8e28644",
      "block_height": 288521,
      "tx_input_n": -1,
      "tx_output_n": 0,
      "value": 500000,
      "ref_balance": 500000,
      "spent": true,
      "spent_by": "ed262010c5e6d6764dd46a6d0c211000ad71cd26ca012a6f1250236b31b92493",
      "confirmations": 202909,
      "confirmed": "2014-03-02T01:35:14Z",
      "double_spend": false
    },
    {
      "tx_hash": "c39c3926bcf475d654fa5079e36a958b535e1876010832c67661331ca9233e07",
      "block_height": 240622,
      "tx_input_n": 0,
      "tx_output_n": -1,
      "value": 100000,
      "ref_balance": 0,
      "confirmations": 250808,
      "confirmed": "2013-06-09T19:47:34Z",
      "double_spend": false
    },
    {
      "tx_hash": "a84fc1032eb4545e1a0851b072e5b67d3cc8a3483b3df4a0531668219a4a6850",
      "block_height": 240622,
      "tx_input_n": -1,
      "tx_output_n": 1,
      "value": 100000,
      "ref_balance": 100000,
      "spent": true,
      "spent_by": "c39c3926bcf475d654fa5079e36a958b535e1876010832c67661331ca9233e07",
      "confirmations": 250808,
      "confirmed": "2013-06-09T19:47:34Z",
      "double_spend": false
    },
    {
      "tx_hash": "f06b3ea988c35efc3ea978e56181c7a394618e2f834cef43e019991fd374fa93",
      "block_height": 214276,
      "tx_input_n": 0,
      "tx_output_n": -1,
      "value": 1000000,
      "ref_balance": 0,
      "confirmations": 277154,
      "confirmed": "2012-12-30T07:33:31Z",
      "double_spend": false
    },
    {
      "tx_hash": "eb58b8584355cbb51865976d981fb826d481583faa81827ebcdaf20fd09052ba",
      "block_height": 214275,
      "tx_input_n": -1,
      "tx_output_n": 1,
      "value": 1000000,
      "ref_balance": 1000000,
      "spent": true,
      "spent_by": "f06b3ea988c35efc3ea978e56181c7a394618e2f834cef43e019991fd374fa93",
      "confirmations": 277155,
      "confirmed": "2012-12-30T07:32:58Z",
      "double_spend": false
    },
    {
      "tx_hash": "d2339a125e8594557d57ff7b2b2cd78946eb77db0990d5cb1aa86c985a704acf",
      "block_height": 203542,
      "tx_input_n": 0,
      "tx_output_n": -1,
      "value": 50000,
      "ref_balance": 0,
      "confirmations": 287888,
      "confirmed": "2012-10-16T11:32:16Z",
      "double_spend": false
    },
    {
      "tx_hash": "6fa76d939dbe6edd85a07368c2bb6ea0caedd0054a2c728720c55940110350ca",
      "block_height": 203510,
      "tx_input_n": -1,
      "tx_output_n": 134,
      "value": 50000,
      "ref_balance": 50000,
      "spent": true,
      "spent_by": "d2339a125e8594557d57ff7b2b2cd78946eb77db0990d5cb1aa86c985a704acf",
      "confirmations": 287920,
      "confirmed": "2012-10-16T06:15:34Z",
      "double_spend": false
    },
    {
      "tx_hash": "58c7284951d923b56c970e9dcd5da288fb5a992740ff852116e6dc73a2969b47",
      "block_height": 192729,
      "tx_input_n": 0,
      "tx_output_n": -1,
      "value": 50000,
      "ref_balance": 0,
      "confirmations": 298701,
      "confirmed": "2012-08-07T14:27:04Z",
      "double_spend": false
    },
    {
      "tx_hash": "8baf1080db93d5e689106599243aa3f08db94399cadb243316cfba9f215ed18a",
      "block_height": 192712,
      "tx_input_n": -1,
      "tx_output_n": 218,
      "value": 50000,
      "ref_balance": 50000,
      "spent": true,
      "spent_by": "58c7284951d923b56c970e9dcd5da288fb5a992740ff852116e6dc73a2969b47",
      "confirmations": 298718,
      "confirmed": "2012-08-07T10:51:05Z",
      "double_spend": false
    },
    {
      "tx_hash": "ef92d18f417eddc0d7dd9160f89a6cc95c963bf7bc5677a27704be2be1deb7ac",
      "block_height": 170295,
      "tx_input_n": 0,
      "tx_output_n": -1,
      "value": 407574,
      "ref_balance": 0,
      "confirmations": 321135,
      "confirmed": "2012-03-09T05:34:16Z",
      "double_spend": false
    },
    {
      "tx_hash": "86d92c99055923c0325435bdc17d44739dfb5fe470bbac71c56d88384865a237",
      "block_height": 170273,
      "tx_input_n": -1,
      "tx_output_n": 4,
      "value": 407574,
      "ref_balance": 407574,
      "spent": true,
      "spent_by": "ef92d18f417eddc0d7dd9160f89a6cc95c963bf7bc5677a27704be2be1deb7ac",
      "confirmations": 321157,
      "confirmed": "2012-03-09T02:31:54Z",
      "double_spend": false
    }
  ],
  "tx_url": "https://api.blockcypher.com/v1/btc/main/txs/"
}

================================================================================================================================

